# JRE version: Java(TM) SE Runtime Environment (8.0_181-b13) (build 1.8.0_181-b13)
# Java VM: Java HotSpot(TM) Client VM (25.181-b13 mixed mode windows-x86 )
Heap:
 def new generation   total 16576K, used 3804K [0x04a00000, 0x05bf0000, 0x09f50000)
  eden space 14784K,  19% used [0x04a00000, 0x04cc11c8, 0x05870000)
  from space 1792K,  54% used [0x05870000, 0x05965f58, 0x05a30000)
  to   space 1792K,   0% used [0x05a30000, 0x05a30000, 0x05bf0000)
 tenured generation   total 36640K, used 25514K [0x09f50000, 0x0c318000, 0x14a00000)
   the space 36640K,  69% used [0x09f50000, 0x0b83a990, 0x0b83aa00, 0x0c318000)
 Metaspace       used 29257K, capacity 29533K, committed 29696K, reserved 30080K
GC Heap History (10 events):
Event: 9.584 GC heap before
{Heap before GC invocations=146 (full 3):
 def new generation   total 16576K, used 16576K [0x04a00000, 0x05bf0000, 0x09f50000)
  eden space 14784K, 100% used [0x04a00000, 0x05870000, 0x05870000)
  from space 1792K, 100% used [0x05a30000, 0x05bf0000, 0x05bf0000)
  to   space 1792K,   0% used [0x05870000, 0x05870000, 0x05a30000)
 tenured generation   total 36640K, used 22819K [0x09f50000, 0x0c318000, 0x14a00000)
   the space 36640K,  62% used [0x09f50000, 0x0b598e90, 0x0b599000, 0x0c318000)
 Metaspace       used 26759K, capacity 26995K, committed 27136K, reserved 28032K
Event: 9.589 GC heap after
Heap after GC invocations=147 (full 3):
 def new generation   total 16576K, used 1102K [0x04a00000, 0x05bf0000, 0x09f50000)
  eden space 14784K,   0% used [0x04a00000, 0x04a00000, 0x05870000)
  from space 1792K,  61% used [0x05870000, 0x05983b90, 0x05a30000)
  to   space 1792K,   0% used [0x05a30000, 0x05a30000, 0x05bf0000)
 tenured generation   total 36640K, used 24009K [0x09f50000, 0x0c318000, 0x14a00000)
   the space 36640K,  65% used [0x09f50000, 0x0b6c27e0, 0x0b6c2800, 0x0c318000)
 Metaspace       used 26759K, capacity 26995K, committed 27136K, reserved 28032K
}
Event: 9.705 GC heap before
{Heap before GC invocations=147 (full 3):
 def new generation   total 16576K, used 15886K [0x04a00000, 0x05bf0000, 0x09f50000)
  eden space 14784K, 100% used [0x04a00000, 0x05870000, 0x05870000)
  from space 1792K,  61% used [0x05870000, 0x05983b90, 0x05a30000)
  to   space 1792K,   0% used [0x05a30000, 0x05a30000, 0x05bf0000)
 tenured generation   total 36640K, used 24009K [0x09f50000, 0x0c318000, 0x14a00000)
   the space 36640K,  65% used [0x09f50000, 0x0b6c27e0, 0x0b6c2800, 0x0c318000)
 Metaspace       used 27404K, capacity 27667K, committed 27776K, reserved 28032K
Event: 9.709 GC heap after
Heap after GC invocations=148 (full 3):
 def new generation   total 16576K, used 965K [0x04a00000, 0x05bf0000, 0x09f50000)
  eden space 14784K,   0% used [0x04a00000, 0x04a00000, 0x05870000)
  from space 1792K,  53% used [0x05a30000, 0x05b215d8, 0x05bf0000)
  to   space 1792K,   0% used [0x05870000, 0x05870000, 0x05a30000)
 tenured generation   total 36640K, used 24755K [0x09f50000, 0x0c318000, 0x14a00000)
   the space 36640K,  67% used [0x09f50000, 0x0b77cf18, 0x0b77d000, 0x0c318000)
 Metaspace       used 27404K, capacity 27667K, committed 27776K, reserved 28032K
}
Event: 10.275 GC heap before
{Heap before GC invocations=148 (full 3):
 def new generation   total 16576K, used 15749K [0x04a00000, 0x05bf0000, 0x09f50000)
  eden space 14784K, 100% used [0x04a00000, 0x05870000, 0x05870000)
  from space 1792K,  53% used [0x05a30000, 0x05b215d8, 0x05bf0000)
  to   space 1792K,   0% used [0x05870000, 0x05870000, 0x05a30000)
 tenured generation   total 36640K, used 24755K [0x09f50000, 0x0c318000, 0x14a00000)
   the space 36640K,  67% used [0x09f50000, 0x0b77cf18, 0x0b77d000, 0x0c318000)
 Metaspace       used 28127K, capacity 28371K, committed 28416K, reserved 29056K
Event: 10.278 GC heap after
Heap after GC invocations=149 (full 3):
 def new generation   total 16576K, used 1056K [0x04a00000, 0x05bf0000, 0x09f50000)
  eden space 14784K,   0% used [0x04a00000, 0x04a00000, 0x05870000)
  from space 1792K,  58% used [0x05870000, 0x059780f0, 0x05a30000)
  to   space 1792K,   0% used [0x05a30000, 0x05a30000, 0x05bf0000)
 tenured generation   total 36640K, used 24917K [0x09f50000, 0x0c318000, 0x14a00000)
   the space 36640K,  68% used [0x09f50000, 0x0b7a54a0, 0x0b7a5600, 0x0c318000)
 Metaspace       used 28127K, capacity 28371K, committed 28416K, reserved 29056K
}
Event: 10.412 GC heap before
{Heap before GC invocations=149 (full 3):
 def new generation   total 16576K, used 15840K [0x04a00000, 0x05bf0000, 0x09f50000)
  eden space 14784K, 100% used [0x04a00000, 0x05870000, 0x05870000)
  from space 1792K,  58% used [0x05870000, 0x059780f0, 0x05a30000)
  to   space 1792K,   0% used [0x05a30000, 0x05a30000, 0x05bf0000)
 tenured generation   total 36640K, used 24917K [0x09f50000, 0x0c318000, 0x14a00000)
   the space 36640K,  68% used [0x09f50000, 0x0b7a54a0, 0x0b7a5600, 0x0c318000)
 Metaspace       used 28677K, capacity 28923K, committed 29056K, reserved 29056K
Event: 10.416 GC heap after
Heap after GC invocations=150 (full 3):
 def new generation   total 16576K, used 1144K [0x04a00000, 0x05bf0000, 0x09f50000)
  eden space 14784K,   0% used [0x04a00000, 0x04a00000, 0x05870000)
  from space 1792K,  63% used [0x05a30000, 0x05b4e138, 0x05bf0000)
  to   space 1792K,   0% used [0x05870000, 0x05870000, 0x05a30000)
 tenured generation   total 36640K, used 25154K [0x09f50000, 0x0c318000, 0x14a00000)
   the space 36640K,  68% used [0x09f50000, 0x0b7e0818, 0x0b7e0a00, 0x0c318000)
 Metaspace       used 28677K, capacity 28923K, committed 29056K, reserved 29056K
}
Event: 10.516 GC heap before
{Heap before GC invocations=150 (full 3):
 def new generation   total 16576K, used 15928K [0x04a00000, 0x05bf0000, 0x09f50000)
  eden space 14784K, 100% used [0x04a00000, 0x05870000, 0x05870000)
  from space 1792K,  63% used [0x05a30000, 0x05b4e138, 0x05bf0000)
  to   space 1792K,   0% used [0x05870000, 0x05870000, 0x05a30000)
 tenured generation   total 36640K, used 25154K [0x09f50000, 0x0c318000, 0x14a00000)
   the space 36640K,  68% used [0x09f50000, 0x0b7e0818, 0x0b7e0a00, 0x0c318000)
 Metaspace       used 29131K, capacity 29371K, committed 29440K, reserved 30080K
Event: 10.520 GC heap after
Heap after GC invocations=151 (full 3):
 def new generation   total 16576K, used 983K [0x04a00000, 0x05bf0000, 0x09f50000)
  eden space 14784K,   0% used [0x04a00000, 0x04a00000, 0x05870000)
  from space 1792K,  54% used [0x05870000, 0x05965f58, 0x05a30000)
  to   space 1792K,   0% used [0x05a30000, 0x05a30000, 0x05bf0000)
 tenured generation   total 36640K, used 25514K [0x09f50000, 0x0c318000, 0x14a00000)
   the space 36640K,  69% used [0x09f50000, 0x0b83a990, 0x0b83aa00, 0x0c318000)
 Metaspace       used 29131K, capacity 29371K, committed 29440K, reserved 30080K
}

